<?xml version="1.0" encoding="UTF-8"?>
<testsuite xmlns:xsi="http://www.w3.org/2001/XMLSchema-instance" xsi:noNamespaceSchemaLocation="https://maven.apache.org/surefire/maven-surefire-plugin/xsd/surefire-test-report-3.0.xsd" version="3.0" name="TestSuite" time="553.493" tests="11" errors="0" skipped="0" failures="2">
  <properties>
[...]
</properties>
  <testcase name="TC_01_Search_Address_Without_Login_Then_Login" classname="com.qa.interestsmart.tests.TC_11_Search_Address_Without_Login_Then_Login" time="54.426"/>
  <testcase name="TC_01_LoginFacebook_Verify_FirstName_LastName_Logout" classname="com.qa.interestsmart.tests.TC_02_LoginFacebook_Verify_FirstName_LastName_Logout" time="14.321"/>
  <testcase name="TC_03_Login_ValidEmail_ValidPassword" classname="com.qa.interestsmart.tests.TC_03_Login_ValidEmail_ValidPassword" time="12.403"/>
  <testcase name="TC_04_Login_InvalidEmail_ValidPassword" classname="com.qa.interestsmart.tests.TC_04_Login_InvalidEmail_ValidPassword" time="12.774"/>
  <testcase name="TC_05_Login_ValidEmail_InvalidPassword" classname="com.qa.interestsmart.tests.TC_05_Login_ValidEmail_InvalidPassword" time="15.913"/>
  <testcase name="TC_06_InvalidEmail_InvalidPassword" classname="com.qa.interestsmart.tests.TC_06_InvalidEmail_InvalidPassword" time="15.963"/>
  <testcase name="TC_07_SearchLoan_ByValidAddress" classname="com.qa.interestsmart.tests.TC_07_SearchLoan_ByValidAddress" time="22.423"/>
  <testcase name="TC_08_SearchLoan_ByInValidAddress" classname="com.qa.interestsmart.tests.TC_08_SearchLoan_ByInValidAddress" time="21.102">
    <failure message="The following asserts failed:&#10;	expected [We found your mortgage data!] but found []" type="java.lang.AssertionError"><![CDATA[java.lang.AssertionError: 
The following asserts failed:
	expected [We found your mortgage data!] but found []
	at com.qa.interestsmart.tests.TC_08_SearchLoan_ByInValidAddress.TC_08_SearchLoan_ByInValidAddress(TC_08_SearchLoan_ByInValidAddress.java:17)
]]></failure>
    <system-out><![CDATA[TC_07_SearchLoan_ByValidAddress passed!
[INFO ] 2020-10-02 01:07:04.795 [main] ExtentReportListener - TC_07_SearchLoan_ByValidAddress passed!
browserName is : chrome
Running on Environment: QA
[INFO ] 2020-10-02 01:07:04.797 [main] BasePage - Running on Environment: QA
Browser Name is : chrome
[INFO ] 2020-10-02 01:07:04.798 [main] BasePage - Browser Name is : chrome
Running on Environment: QA
[INFO ] 2020-10-02 01:07:13.164 [main] BasePage - Running on Environment: QA
Running on Environment: QA
[INFO ] 2020-10-02 01:07:13.165 [main] BasePage - Running on Environment: QA
Running on Environment: QA
[INFO ] 2020-10-02 01:07:13.165 [main] BasePage - Running on Environment: QA
TC_08_SearchLoan_ByInValidAddress started!
[INFO ] 2020-10-02 01:07:13.165 [main] ExtentReportListener - TC_08_SearchLoan_ByInValidAddress started!
[INFO ] 2020-10-02 01:07:14.760 [main] SignInToApplication - Clicked on Sign In button on the landing page
[INFO ] 2020-10-02 01:07:15.200 [main] SignInToApplication - Sending user email id into email filed as -> test03@mailinator.com
[INFO ] 2020-10-02 01:07:15.382 [main] SignInToApplication - Sending user password into email filed as -> 123456
[INFO ] 2020-10-02 01:07:15.516 [main] SignInToApplication - After entering user's valid email id and valid password clicked on Sign In button on Signin page
title is InterestSmart
[INFO ] 2020-10-02 01:07:24.231 [main] BasePage - Capturing Screenshot for failed testcase
[INFO ] 2020-10-02 01:07:33.907 [main] BasePage - Capturing Screenshot for failed testcase
Heading is 
]]></system-out>
    <system-err><![CDATA[Starting ChromeDriver 85.0.4183.87 (cd6713ebf92fa1cacc0f1a598df280093af0c5d7-refs/branch-heads/4183@{#1689}) on port 18865
Only local connections are allowed.
Please see https://chromedriver.chromium.org/security-considerations for suggestions on keeping ChromeDriver safe.
ChromeDriver was started successfully.
Oct 02, 2020 1:07:08 AM org.openqa.selenium.remote.ProtocolHandshake createSession
INFO: Detected dialect: W3C
]]></system-err>
  </testcase>
  <testcase name="TC_09_Verify_MonthlyPayment_RemainingBalance" classname="com.qa.interestsmart.tests.TC_09_Verify_MonthlyPayment_RemainingBalance" time="50.559"/>
  <testcase name="TC_10_Verify_MonthlyPayment_RemainingBalance_NegativeScenario" classname="com.qa.interestsmart.tests.TC_10_Verify_MonthlyPayment_RemainingBalance_NegativeScenario" time="48.176">
    <failure message="The following asserts failed:&#10;	Actual Remaining Balance 986.0 is not equal to Expected Remaining balance 985.0 expected [985.0] but found [986.0],&#10;	Actual Monthly Payment 4.6 is not equal to Expected Monthly Payment 4.77 expected [4.77] but found [4.6]" type="java.lang.AssertionError"><![CDATA[java.lang.AssertionError: 
The following asserts failed:
	Actual Remaining Balance 986.0 is not equal to Expected Remaining balance 985.0 expected [985.0] but found [986.0],
	Actual Monthly Payment 4.6 is not equal to Expected Monthly Payment 4.77 expected [4.77] but found [4.6]
	at com.qa.interestsmart.tests.TC_10_Verify_MonthlyPayment_RemainingBalance_NegativeScenario.TC_10_Verify_MonthlyPayment_RemainingBalance_NegativeScenario(TC_10_Verify_MonthlyPayment_RemainingBalance_NegativeScenario.java:29)
]]></failure>
    <system-out><![CDATA[TC_09_Verify_MonthlyPayment_RemainingBalance passed!
[INFO ] 2020-10-02 01:08:34.872 [main] ExtentReportListener - TC_09_Verify_MonthlyPayment_RemainingBalance passed!
browserName is : chrome
Running on Environment: QA
[INFO ] 2020-10-02 01:08:34.874 [main] BasePage - Running on Environment: QA
Browser Name is : chrome
[INFO ] 2020-10-02 01:08:34.875 [main] BasePage - Browser Name is : chrome
Running on Environment: QA
[INFO ] 2020-10-02 01:08:44.764 [main] BasePage - Running on Environment: QA
Running on Environment: QA
[INFO ] 2020-10-02 01:08:44.764 [main] BasePage - Running on Environment: QA
Running on Environment: QA
[INFO ] 2020-10-02 01:08:44.764 [main] BasePage - Running on Environment: QA
TC_10_Verify_MonthlyPayment_RemainingBalance_NegativeScenario started!
[INFO ] 2020-10-02 01:08:44.765 [main] ExtentReportListener - TC_10_Verify_MonthlyPayment_RemainingBalance_NegativeScenario started!
[INFO ] 2020-10-02 01:08:46.328 [main] SignInToApplication - Clicked on Sign In button on the landing page
[INFO ] 2020-10-02 01:08:46.794 [main] SignInToApplication - Sending user email id into email filed as -> test03@mailinator.com
[INFO ] 2020-10-02 01:08:46.967 [main] SignInToApplication - Sending user password into email filed as -> 123456
[INFO ] 2020-10-02 01:08:49.162 [main] SignInToApplication - After entering user's valid email id and valid password clicked on Sign In button on Signin page
title is InterestSmart
[INFO ] 2020-10-02 01:08:57.593 [main] BasePage - Capturing Screenshot for failed testcase
Actual remmaing balance is :986.0
Actual monthly payment is :4.6
Expected estimated rate is 0.0033333333333333335
Expected monthly payment is 4.77
Expected number Of Payment are: 350
Expected Remaining balance is 985.0
]]></system-out>
    <system-err><![CDATA[Starting ChromeDriver 85.0.4183.87 (cd6713ebf92fa1cacc0f1a598df280093af0c5d7-refs/branch-heads/4183@{#1689}) on port 38674
Only local connections are allowed.
Please see https://chromedriver.chromium.org/security-considerations for suggestions on keeping ChromeDriver safe.
ChromeDriver was started successfully.
Oct 02, 2020 1:08:38 AM org.openqa.selenium.remote.ProtocolHandshake createSession
INFO: Detected dialect: W3C
]]></system-err>
  </testcase>
  <testcase name="TC_12_Submit_Loan" classname="com.qa.interestsmart.tests.TC_12_Submit_Loan" time="186.915"/>
</testsuite>