<?xml version="1.0" encoding="UTF-8"?>
<testng-results skipped="0" failed="0" total="1" passed="1">
  <reporter-output>
  </reporter-output>
  <suite name="Default suite" duration-ms="81109" started-at="2020-10-01T17:52:39Z" finished-at="2020-10-01T17:54:00Z">
    <groups>
    </groups>
    <test name="Default test" duration-ms="81109" started-at="2020-10-01T17:52:39Z" finished-at="2020-10-01T17:54:00Z">
      <class name="com.qa.interestsmart.tests.TC_11_Search_Address_Without_Login_Then_Login">
        <test-method status="PASS" signature="setUp(java.lang.String)[pri:0, instance:com.qa.interestsmart.tests.TC_11_Search_Address_Without_Login_Then_Login@20ce78ec]" name="setUp" is-config="true" duration-ms="15278" started-at="2020-10-01T23:22:39Z" finished-at="2020-10-01T23:22:55Z">
          <params>
            <param index="0">
              <value>
                <![CDATA[chrome]]>
              </value>
            </param>
          </params>
          <reporter-output>
          </reporter-output>
        </test-method> <!-- setUp -->
        <test-method status="PASS" signature="TC_11_Search_Address_Without_Login_Then_Login()[pri:0, instance:com.qa.interestsmart.tests.TC_11_Search_Address_Without_Login_Then_Login@20ce78ec]" name="TC_11_Search_Address_Without_Login_Then_Login" duration-ms="65789" started-at="2020-10-01T23:22:55Z" finished-at="2020-10-01T23:24:00Z">
          <reporter-output>
          </reporter-output>
        </test-method> <!-- TC_11_Search_Address_Without_Login_Then_Login -->
        <test-method status="PASS" signature="tearDown()[pri:0, instance:com.qa.interestsmart.tests.TC_11_Search_Address_Without_Login_Then_Login@20ce78ec]" name="tearDown" is-config="true" duration-ms="0" started-at="2020-10-01T23:24:00Z" finished-at="2020-10-01T23:24:00Z">
          <reporter-output>
          </reporter-output>
        </test-method> <!-- tearDown -->
      </class> <!-- com.qa.interestsmart.tests.TC_11_Search_Address_Without_Login_Then_Login -->
    </test> <!-- Default test -->
  </suite> <!-- Default suite -->
</testng-results>
