<?xml version="1.0" encoding="UTF-8"?>
<!-- Generated by org.testng.reporters.JUnitXMLReporter -->
<testsuite hostname="Sarang-Notebook" ignored="0" name="Landing Page Test On FireFox" tests="11" failures="0" timestamp="10 Sep 2020 15:25:02 GMT" time="245.329" errors="0">
  <testcase name="tc_01_check_sign_in_button_on_landing_page_is_redirecting_sign_in_page" time="3.379" classname="com.qa.interestsmart.tests.SignInPageTest"/>
  <testcase name="tc_02_check_emailId_and_passowrd_field_is_displayed_sign_in_page" time="3.149" classname="com.qa.interestsmart.tests.SignInPageTest"/>
  <testcase name="tc_03_check_tooltip_for_blank_emailId_and_blank_password_field_is_displayed" time="4.382" classname="com.qa.interestsmart.tests.SignInPageTest"/>
  <testcase name="tc_04_check_tooltip_for_spaces_in_emailId_and_password_field_is_displayed" time="3.446" classname="com.qa.interestsmart.tests.SignInPageTest"/>
  <testcase name="tc_05_check_tooltip_for_blank_password_field_is_displayed" time="3.81" classname="com.qa.interestsmart.tests.SignInPageTest"/>
  <testcase name="tc_06_check_time_to_Signin_to_aplication_with_correct_emailId_and_password" time="8.46" classname="com.qa.interestsmart.tests.SignInPageTest"/>
  <testcase name="tc_07_check_password_field_text_is_encrypted_form" time="1.724" classname="com.qa.interestsmart.tests.SignInPageTest"/>
  <testcase name="tc_08_check_time_to_login_the_application" time="11.346" classname="com.qa.interestsmart.tests.SignInPageTest"/>
  <testcase name="tc_09_check_message_for_signin_to_application_with_invalid_credentials" time="26.753" classname="com.qa.interestsmart.tests.SignInPageTest"/>
  <testcase name="tc_10_check_after_clicking_on_sign_in_here_link_form_signin_page_redirected_to_signup_page" time="6.398" classname="com.qa.interestsmart.tests.SignInPageTest"/>
  <testcase name="tc_11_check_user_is_able_to_login_with_facebook_from_the_signin_page" time="16.327" classname="com.qa.interestsmart.tests.SignInPageTest"/>
</testsuite> <!-- Landing Page Test On FireFox -->
